<?xml version="1.0" encoding="UTF-8"?>
<testsuite name="AutoTest" tests="1" skipped="0" failures="0" errors="0" timestamp="2024-02-19T21:05:33" hostname="DESKTOP-L8BI6AL" time="0.006">
  <properties/>
  <testcase name="testGetPrecio" classname="AutoTest" time="0.006"/>
  <system-out><![CDATA[]]></system-out>
  <system-err><![CDATA[]]></system-err>
</testsuite>
